Using pre-set license
Built from '2020.3/release' branch; Version is '2020.3.27f1 (e759542391ea) revision 15161684'; Using compiler version '192528614'; Build Type 'Release'
OS: 'Windows 11  (10.0.22000) 64bit Core' Language: 'no' Physical Memory: 16219 MB
BatchMode: 1, IsHumanControllingUs: 0, StartBugReporterOnCrash: 0, Is64bit: 1, IsPro: 0

COMMAND LINE ARGUMENTS:
G:\Unity\2020.3.27f1\Editor\Unity.exe
-adb2
-batchMode
-noUpm
-name
AssetImportWorker0
-projectPath
G:/GitKraken/BorderBuddies2/BorderBuddies2
-logFile
Logs/AssetImportWorker0.log
-srvPort
58039
Successfully changed project path to: G:/GitKraken/BorderBuddies2/BorderBuddies2
G:/GitKraken/BorderBuddies2/BorderBuddies2
Using Asset Import Pipeline V2.
Refreshing native plugins compatible for Editor in 27.06 ms, found 2 plugins.
Preloading 0 native plugins for Editor in 0.00 ms.
Initialize engine version: 2020.3.27f1 (e759542391ea)
[Subsystems] Discovering subsystems at path G:/Unity/2020.3.27f1/Editor/Data/Resources/UnitySubsystems
[Subsystems] Discovering subsystems at path G:/GitKraken/BorderBuddies2/BorderBuddies2/Assets
GfxDevice: creating device client; threaded=0
Direct3D:
    Version:  Direct3D 11.0 [level 11.0]
    Renderer: NVIDIA GeForce GTX 780 (ID=0x1004)
    Vendor:   
    VRAM:     3029 MB
    Driver:   30.0.14.7212
Initialize mono
Mono path[0] = 'G:/Unity/2020.3.27f1/Editor/Data/Managed'
Mono path[1] = 'G:/Unity/2020.3.27f1/Editor/Data/MonoBleedingEdge/lib/mono/unityjit'
Mono config path = 'G:/Unity/2020.3.27f1/Editor/Data/MonoBleedingEdge/etc'
Using monoOptions --debugger-agent=transport=dt_socket,embedding=1,server=y,suspend=n,address=127.0.0.1:56344
Begin MonoManager ReloadAssembly
Registering precompiled unity dll's ...
Register platform support module: G:/Unity/2020.3.27f1/Editor/Data/PlaybackEngines/WindowsStandaloneSupport/UnityEditor.WindowsStandalone.Extensions.dll
Registered in 0.000638 seconds.
Native extension for WindowsStandalone target not found
Refreshing native plugins compatible for Editor in 26.87 ms, found 2 plugins.
Preloading 0 native plugins for Editor in 0.00 ms.
Mono: successfully reloaded assembly
- Completed reload, in  0.404 seconds
Domain Reload Profiling:
	ReloadAssembly (404ms)
		BeginReloadAssembly (53ms)
			ExecutionOrderSort (0ms)
			DisableScriptedObjects (0ms)
			BackupInstance (0ms)
			ReleaseScriptingObjects (0ms)
			CreateAndSetChildDomain (1ms)
		EndReloadAssembly (304ms)
			LoadAssemblies (53ms)
			RebuildTransferFunctionScriptingTraits (0ms)
			SetupTypeCache (95ms)
			ReleaseScriptCaches (0ms)
			RebuildScriptCaches (20ms)
			SetupLoadedEditorAssemblies (117ms)
				LogAssemblyErrors (0ms)
				InitializePlatformSupportModulesInManaged (2ms)
				SetLoadedEditorAssemblies (0ms)
				RefreshPlugins (27ms)
				BeforeProcessingInitializeOnLoad (15ms)
				ProcessInitializeOnLoadAttributes (54ms)
				ProcessInitializeOnLoadMethodAttributes (18ms)
				AfterProcessingInitializeOnLoad (0ms)
				EditorAssembliesLoaded (0ms)
			ExecutionOrderSort2 (0ms)
			AwakeInstancesAfterBackupRestoration (0ms)
Platform modules already initialized, skipping
Registering precompiled user dll's ...
Registered in 0.002313 seconds.
Begin MonoManager ReloadAssembly
Symbol file data-000002198BCFD240 doesn't match image G:\GitKraken\BorderBuddies2\BorderBuddies2\Library\ScriptAssemblies\Assembly-CSharp.dll
Symbol file LoadedFromMemory is not a mono symbol file
Symbol file data-000002198A89C830 doesn't match image G:\GitKraken\BorderBuddies2\BorderBuddies2\Library\ScriptAssemblies\Unity.Services.Core.Editor.dll
Symbol file LoadedFromMemory is not a mono symbol file
Symbol file data-0000021989DB8B00 doesn't match image G:\GitKraken\BorderBuddies2\BorderBuddies2\Library\ScriptAssemblies\Unity.VSCode.Editor.dll
Symbol file LoadedFromMemory is not a mono symbol file
Symbol file data-000002198B83B9F0 doesn't match image G:\GitKraken\BorderBuddies2\BorderBuddies2\Library\ScriptAssemblies\Unity.TextMeshPro.Editor.dll
Symbol file LoadedFromMemory is not a mono symbol file
Symbol file data-000002198A89C830 doesn't match image G:\GitKraken\BorderBuddies2\BorderBuddies2\Library\ScriptAssemblies\Unity.VisualStudio.Editor.dll
Symbol file LoadedFromMemory is not a mono symbol file
Symbol file data-000002198B851200 doesn't match image G:\GitKraken\BorderBuddies2\BorderBuddies2\Library\ScriptAssemblies\UnityEngine.TestRunner.dll
Symbol file LoadedFromMemory is not a mono symbol file
Symbol file data-0000021989D30440 doesn't match image G:\GitKraken\BorderBuddies2\BorderBuddies2\Library\ScriptAssemblies\Unity.Timeline.Editor.dll
Symbol file LoadedFromMemory is not a mono symbol file
Symbol file data-000002198B5A4C50 doesn't match image G:\GitKraken\BorderBuddies2\BorderBuddies2\Library\ScriptAssemblies\Unity.Timeline.dll
Symbol file LoadedFromMemory is not a mono symbol file
Symbol file data-0000021989D30440 doesn't match image G:\GitKraken\BorderBuddies2\BorderBuddies2\Library\ScriptAssemblies\Unity.TextMeshPro.dll
Symbol file LoadedFromMemory is not a mono symbol file
Symbol file data-000002198B851200 doesn't match image G:\GitKraken\BorderBuddies2\BorderBuddies2\Library\ScriptAssemblies\Unity.CollabProxy.Editor.dll
Symbol file LoadedFromMemory is not a mono symbol file
Symbol file data-000002198A71D230 doesn't match image G:\GitKraken\BorderBuddies2\BorderBuddies2\Library\ScriptAssemblies\UnityEditor.TestRunner.dll
Symbol file LoadedFromMemory is not a mono symbol file
Symbol file data-000002198A731C40 doesn't match image G:\GitKraken\BorderBuddies2\BorderBuddies2\Library\ScriptAssemblies\UnityEditor.UI.dll
Symbol file LoadedFromMemory is not a mono symbol file
Symbol file data-000002198A332010 doesn't match image G:\GitKraken\BorderBuddies2\BorderBuddies2\Library\ScriptAssemblies\Unity.PlasticSCM.Editor.dll
Symbol file LoadedFromMemory is not a mono symbol file
Symbol file data-000002198A731C40 doesn't match image G:\GitKraken\BorderBuddies2\BorderBuddies2\Library\ScriptAssemblies\Unity.Rider.Editor.dll
Symbol file LoadedFromMemory is not a mono symbol file
Symbol file data-0000021989C30080 doesn't match image G:\GitKraken\BorderBuddies2\BorderBuddies2\Library\ScriptAssemblies\UnityEngine.UI.dll
Symbol file LoadedFromMemory is not a mono symbol file
Native extension for WindowsStandalone target not found
Refreshing native plugins compatible for Editor in 0.47 ms, found 2 plugins.
Preloading 0 native plugins for Editor in 0.00 ms.
Mono: successfully reloaded assembly
- Completed reload, in  0.757 seconds
Domain Reload Profiling:
	ReloadAssembly (758ms)
		BeginReloadAssembly (98ms)
			ExecutionOrderSort (0ms)
			DisableScriptedObjects (3ms)
			BackupInstance (0ms)
			ReleaseScriptingObjects (0ms)
			CreateAndSetChildDomain (14ms)
		EndReloadAssembly (624ms)
			LoadAssemblies (72ms)
			RebuildTransferFunctionScriptingTraits (0ms)
			SetupTypeCache (226ms)
			ReleaseScriptCaches (0ms)
			RebuildScriptCaches (30ms)
			SetupLoadedEditorAssemblies (228ms)
				LogAssemblyErrors (0ms)
				InitializePlatformSupportModulesInManaged (3ms)
				SetLoadedEditorAssemblies (0ms)
				RefreshPlugins (1ms)
				BeforeProcessingInitializeOnLoad (52ms)
				ProcessInitializeOnLoadAttributes (164ms)
				ProcessInitializeOnLoadMethodAttributes (6ms)
				AfterProcessingInitializeOnLoad (1ms)
				EditorAssembliesLoaded (0ms)
			ExecutionOrderSort2 (0ms)
			AwakeInstancesAfterBackupRestoration (7ms)
Platform modules already initialized, skipping
========================================================================
Worker process is ready to serve import requests
Launched and connected shader compiler UnityShaderCompiler.exe after 0.04 seconds
Refreshing native plugins compatible for Editor in 0.28 ms, found 2 plugins.
Preloading 0 native plugins for Editor in 0.00 ms.
Unloading 1688 Unused Serialized files (Serialized files now loaded: 0)
System memory in use before: 96.6 MB.
System memory in use after: 96.4 MB.

Unloading 21 unused Assets to reduce memory usage. Loaded Objects now: 2139.
Total: 1.962400 ms (FindLiveObjects: 0.165300 ms CreateObjectMapping: 0.070400 ms MarkObjects: 1.540000 ms  DeleteObjects: 0.185700 ms)

AssetImportParameters requested are different than current active one (requested -> active):
  custom:framework-win-MediaFoundation: 216162199b28c13a410421893ffa2e32 -> 
  custom:video-decoder-ogg-theora: a1e56fd34408186e4bbccfd4996cb3dc -> 
  custom:container-muxer-webm: aa71ff27fc2769a1b78a27578f13a17b -> 
  custom:container-demuxer-webm: 4f35f7cbe854078d1ac9338744f61a02 -> 
  custom:container-demuxer-ogg: 62fdf1f143b41e24485cea50d1cbac27 -> 
  custom:video-encoder-webm-vp8: eb34c28f22e8b96e1ab97ce403110664 -> 
  custom:video-decoder-webm-vp8: 9c59270c3fd7afecdb556c50c9e8de78 -> 
  custom:audio-decoder-ogg-vorbis: bf7c407c2cedff20999df2af8eb42d56 -> 
  custom:audio-encoder-webm-vorbis: bf7c407c2cedff20999df2af8eb42d56 -> 
========================================================================
Received Import Request.
  path: Assets/TerrainData_56d07c41-4691-49b6-9136-d6c9dca85572.asset
  artifactKey: Guid(8be4ad4bf9baa484e9a221ce7625839d) Importer(815301076,1909f56bfc062723c751e8b465ee728b)
Start importing Assets/TerrainData_56d07c41-4691-49b6-9136-d6c9dca85572.asset using Guid(8be4ad4bf9baa484e9a221ce7625839d) Importer(815301076,1909f56bfc062723c751e8b465ee728b)  -> (artifact id: 'b5176d5705dddb40ec129ee8b4cd9243') in 0.152728 seconds 
  Import took 0.155320 seconds .

========================================================================
Received Import Request.
  Time since last request: 0.000319 seconds.
  path: Assets/New Terrain.asset
  artifactKey: Guid(f4cc1bd8a5402624c893f3cf03d6df8d) Importer(815301076,1909f56bfc062723c751e8b465ee728b)
Start importing Assets/New Terrain.asset using Guid(f4cc1bd8a5402624c893f3cf03d6df8d) Importer(815301076,1909f56bfc062723c751e8b465ee728b)  -> (artifact id: '4afffc9d9496ad714b13ffff0b784473') in 0.050398 seconds 
  Import took 0.052995 seconds .

========================================================================
Received Import Request.
  Time since last request: 2433.080866 seconds.
  path: Assets/Terrain
  artifactKey: Guid(ea7cde3b2ca29c24dbb3abb5501854b3) Importer(815301076,1909f56bfc062723c751e8b465ee728b)
Start importing Assets/Terrain using Guid(ea7cde3b2ca29c24dbb3abb5501854b3) Importer(815301076,1909f56bfc062723c751e8b465ee728b)  -> (artifact id: 'b786ee14de2fcc60103bb2ca6e5ca81d') in 0.001907 seconds 
  Import took 0.006584 seconds .

========================================================================
Received Import Request.
  Time since last request: 12.787679 seconds.
  path: Assets/3DModeller
  artifactKey: Guid(5ef5e36fadf21d34b9c53fbdbe9eab69) Importer(815301076,1909f56bfc062723c751e8b465ee728b)
Start importing Assets/3DModeller using Guid(5ef5e36fadf21d34b9c53fbdbe9eab69) Importer(815301076,1909f56bfc062723c751e8b465ee728b)  -> (artifact id: 'ef570281223ccc4a15cd0b7031e54c2c') in 0.002040 seconds 
  Import took 0.004251 seconds .

========================================================================
Received Import Request.
  Time since last request: 42.413470 seconds.
  path: Assets/3DModeller/SnusBoks.obj
  artifactKey: Guid(63832e27d8577b842b08262e9b21a1cb) Importer(815301076,1909f56bfc062723c751e8b465ee728b)
Start importing Assets/3DModeller/SnusBoks.obj using Guid(63832e27d8577b842b08262e9b21a1cb) Importer(815301076,1909f56bfc062723c751e8b465ee728b)  -> (artifact id: '6ec18c930c5e656636d15ecaf23dee9d') in 0.285656 seconds 
  Import took 0.288472 seconds .

AssetImportWorkerClient::OnTransportError - code=2 error=End of file
