Using pre-set license
Built from '2020.3/release' branch; Version is '2020.3.27f1 (e759542391ea) revision 15161684'; Using compiler version '192528614'; Build Type 'Release'
OS: 'Windows 11  (10.0.22000) 64bit Core' Language: 'no' Physical Memory: 16219 MB
BatchMode: 1, IsHumanControllingUs: 0, StartBugReporterOnCrash: 0, Is64bit: 1, IsPro: 0

COMMAND LINE ARGUMENTS:
G:\Unity\2020.3.27f1\Editor\Unity.exe
-adb2
-batchMode
-noUpm
-name
AssetImportWorker0
-projectPath
G:/GitKraken/BorderBuddies2/BorderBuddies2
-logFile
Logs/AssetImportWorker0.log
-srvPort
56629
Successfully changed project path to: G:/GitKraken/BorderBuddies2/BorderBuddies2
G:/GitKraken/BorderBuddies2/BorderBuddies2
Using Asset Import Pipeline V2.
Refreshing native plugins compatible for Editor in 26.86 ms, found 2 plugins.
Preloading 0 native plugins for Editor in 0.00 ms.
Initialize engine version: 2020.3.27f1 (e759542391ea)
[Subsystems] Discovering subsystems at path G:/Unity/2020.3.27f1/Editor/Data/Resources/UnitySubsystems
[Subsystems] Discovering subsystems at path G:/GitKraken/BorderBuddies2/BorderBuddies2/Assets
GfxDevice: creating device client; threaded=0
Direct3D:
    Version:  Direct3D 11.0 [level 11.0]
    Renderer: NVIDIA GeForce GTX 780 (ID=0x1004)
    Vendor:   
    VRAM:     3029 MB
    Driver:   30.0.14.7212
Initialize mono
Mono path[0] = 'G:/Unity/2020.3.27f1/Editor/Data/Managed'
Mono path[1] = 'G:/Unity/2020.3.27f1/Editor/Data/MonoBleedingEdge/lib/mono/unityjit'
Mono config path = 'G:/Unity/2020.3.27f1/Editor/Data/MonoBleedingEdge/etc'
Using monoOptions --debugger-agent=transport=dt_socket,embedding=1,server=y,suspend=n,address=127.0.0.1:56584
Begin MonoManager ReloadAssembly
Registering precompiled unity dll's ...
Register platform support module: G:/Unity/2020.3.27f1/Editor/Data/PlaybackEngines/WindowsStandaloneSupport/UnityEditor.WindowsStandalone.Extensions.dll
Registered in 0.000594 seconds.
Native extension for WindowsStandalone target not found
Refreshing native plugins compatible for Editor in 25.62 ms, found 2 plugins.
Preloading 0 native plugins for Editor in 0.00 ms.
Mono: successfully reloaded assembly
- Completed reload, in  0.378 seconds
Domain Reload Profiling:
	ReloadAssembly (378ms)
		BeginReloadAssembly (45ms)
			ExecutionOrderSort (0ms)
			DisableScriptedObjects (0ms)
			BackupInstance (0ms)
			ReleaseScriptingObjects (0ms)
			CreateAndSetChildDomain (0ms)
		EndReloadAssembly (291ms)
			LoadAssemblies (45ms)
			RebuildTransferFunctionScriptingTraits (0ms)
			SetupTypeCache (92ms)
			ReleaseScriptCaches (0ms)
			RebuildScriptCaches (23ms)
			SetupLoadedEditorAssemblies (111ms)
				LogAssemblyErrors (0ms)
				InitializePlatformSupportModulesInManaged (3ms)
				SetLoadedEditorAssemblies (0ms)
				RefreshPlugins (26ms)
				BeforeProcessingInitializeOnLoad (11ms)
				ProcessInitializeOnLoadAttributes (53ms)
				ProcessInitializeOnLoadMethodAttributes (19ms)
				AfterProcessingInitializeOnLoad (0ms)
				EditorAssembliesLoaded (0ms)
			ExecutionOrderSort2 (0ms)
			AwakeInstancesAfterBackupRestoration (0ms)
Platform modules already initialized, skipping
Registering precompiled user dll's ...
Registered in 0.002174 seconds.
Begin MonoManager ReloadAssembly
Symbol file data-000001B42579B820 doesn't match image G:\GitKraken\BorderBuddies2\BorderBuddies2\Library\ScriptAssemblies\Unity.Services.Core.Editor.dll
Symbol file LoadedFromMemory is not a mono symbol file
Symbol file data-000001B5FF8EE020 doesn't match image G:\GitKraken\BorderBuddies2\BorderBuddies2\Library\ScriptAssemblies\Unity.VSCode.Editor.dll
Symbol file LoadedFromMemory is not a mono symbol file
Symbol file data-000001B425811020 doesn't match image G:\GitKraken\BorderBuddies2\BorderBuddies2\Library\ScriptAssemblies\Unity.TextMeshPro.Editor.dll
Symbol file LoadedFromMemory is not a mono symbol file
Symbol file data-000001B42579B820 doesn't match image G:\GitKraken\BorderBuddies2\BorderBuddies2\Library\ScriptAssemblies\Unity.VisualStudio.Editor.dll
Symbol file LoadedFromMemory is not a mono symbol file
Symbol file data-000001B425952220 doesn't match image G:\GitKraken\BorderBuddies2\BorderBuddies2\Library\ScriptAssemblies\UnityEngine.TestRunner.dll
Symbol file LoadedFromMemory is not a mono symbol file
Symbol file data-000001B425220560 doesn't match image G:\GitKraken\BorderBuddies2\BorderBuddies2\Library\ScriptAssemblies\Unity.Timeline.Editor.dll
Symbol file LoadedFromMemory is not a mono symbol file
Symbol file data-000001B425811020 doesn't match image G:\GitKraken\BorderBuddies2\BorderBuddies2\Library\ScriptAssemblies\Unity.Timeline.dll
Symbol file LoadedFromMemory is not a mono symbol file
Symbol file data-000001B425220560 doesn't match image G:\GitKraken\BorderBuddies2\BorderBuddies2\Library\ScriptAssemblies\Unity.TextMeshPro.dll
Symbol file LoadedFromMemory is not a mono symbol file
Symbol file data-000001B425811020 doesn't match image G:\GitKraken\BorderBuddies2\BorderBuddies2\Library\ScriptAssemblies\Unity.CollabProxy.Editor.dll
Symbol file LoadedFromMemory is not a mono symbol file
Symbol file data-000001B425811020 doesn't match image G:\GitKraken\BorderBuddies2\BorderBuddies2\Library\ScriptAssemblies\UnityEditor.TestRunner.dll
Symbol file LoadedFromMemory is not a mono symbol file
Symbol file data-000001B42579B820 doesn't match image G:\GitKraken\BorderBuddies2\BorderBuddies2\Library\ScriptAssemblies\UnityEditor.UI.dll
Symbol file LoadedFromMemory is not a mono symbol file
Symbol file data-000001B426356040 doesn't match image G:\GitKraken\BorderBuddies2\BorderBuddies2\Library\ScriptAssemblies\Unity.PlasticSCM.Editor.dll
Symbol file LoadedFromMemory is not a mono symbol file
Symbol file data-000001B42579B820 doesn't match image G:\GitKraken\BorderBuddies2\BorderBuddies2\Library\ScriptAssemblies\Unity.Rider.Editor.dll
Symbol file LoadedFromMemory is not a mono symbol file
Symbol file data-000001B425248B70 doesn't match image G:\GitKraken\BorderBuddies2\BorderBuddies2\Library\ScriptAssemblies\UnityEngine.UI.dll
Symbol file LoadedFromMemory is not a mono symbol file
Native extension for WindowsStandalone target not found
Refreshing native plugins compatible for Editor in 0.27 ms, found 2 plugins.
Preloading 0 native plugins for Editor in 0.00 ms.
Mono: successfully reloaded assembly
- Completed reload, in  0.681 seconds
Domain Reload Profiling:
	ReloadAssembly (681ms)
		BeginReloadAssembly (100ms)
			ExecutionOrderSort (0ms)
			DisableScriptedObjects (3ms)
			BackupInstance (0ms)
			ReleaseScriptingObjects (0ms)
			CreateAndSetChildDomain (13ms)
		EndReloadAssembly (546ms)
			LoadAssemblies (69ms)
			RebuildTransferFunctionScriptingTraits (0ms)
			SetupTypeCache (177ms)
			ReleaseScriptCaches (0ms)
			RebuildScriptCaches (30ms)
			SetupLoadedEditorAssemblies (227ms)
				LogAssemblyErrors (0ms)
				InitializePlatformSupportModulesInManaged (3ms)
				SetLoadedEditorAssemblies (0ms)
				RefreshPlugins (0ms)
				BeforeProcessingInitializeOnLoad (49ms)
				ProcessInitializeOnLoadAttributes (165ms)
				ProcessInitializeOnLoadMethodAttributes (9ms)
				AfterProcessingInitializeOnLoad (1ms)
				EditorAssembliesLoaded (0ms)
			ExecutionOrderSort2 (0ms)
			AwakeInstancesAfterBackupRestoration (4ms)
Platform modules already initialized, skipping
========================================================================
Worker process is ready to serve import requests
Launched and connected shader compiler UnityShaderCompiler.exe after 0.03 seconds
Refreshing native plugins compatible for Editor in 0.36 ms, found 2 plugins.
Preloading 0 native plugins for Editor in 0.00 ms.
Unloading 1690 Unused Serialized files (Serialized files now loaded: 0)
System memory in use before: 96.7 MB.
System memory in use after: 96.5 MB.

Unloading 21 unused Assets to reduce memory usage. Loaded Objects now: 2141.
Total: 2.080200 ms (FindLiveObjects: 0.126600 ms CreateObjectMapping: 0.050500 ms MarkObjects: 1.720300 ms  DeleteObjects: 0.181900 ms)

AssetImportParameters requested are different than current active one (requested -> active):
  custom:framework-win-MediaFoundation: 216162199b28c13a410421893ffa2e32 -> 
  custom:video-decoder-ogg-theora: a1e56fd34408186e4bbccfd4996cb3dc -> 
  custom:container-muxer-webm: aa71ff27fc2769a1b78a27578f13a17b -> 
  custom:container-demuxer-webm: 4f35f7cbe854078d1ac9338744f61a02 -> 
  custom:container-demuxer-ogg: 62fdf1f143b41e24485cea50d1cbac27 -> 
  custom:video-encoder-webm-vp8: eb34c28f22e8b96e1ab97ce403110664 -> 
  custom:video-decoder-webm-vp8: 9c59270c3fd7afecdb556c50c9e8de78 -> 
  custom:audio-decoder-ogg-vorbis: bf7c407c2cedff20999df2af8eb42d56 -> 
  custom:audio-encoder-webm-vorbis: bf7c407c2cedff20999df2af8eb42d56 -> 
========================================================================
Received Import Request.
  path: Assets/3DModeller/EnemyPatrol.prefab
  artifactKey: Guid(102ffa05a311a844da0ef08a8a765d52) Importer(815301076,1909f56bfc062723c751e8b465ee728b)
Start importing Assets/3DModeller/EnemyPatrol.prefab using Guid(102ffa05a311a844da0ef08a8a765d52) Importer(815301076,1909f56bfc062723c751e8b465ee728b)  -> (artifact id: 'ed41027d538c583925a0891986609d48') in 0.068796 seconds 
  Import took 0.070694 seconds .

========================================================================
Received Import Request.
  Time since last request: 11.222953 seconds.
  path: Assets/Scenes/Level.unity
  artifactKey: Guid(f09bfcf9645f2ed42891cd0a686c297a) Importer(815301076,1909f56bfc062723c751e8b465ee728b)
Start importing Assets/Scenes/Level.unity using Guid(f09bfcf9645f2ed42891cd0a686c297a) Importer(815301076,1909f56bfc062723c751e8b465ee728b)  -> (artifact id: 'b214c4a1a93ed79962bcb0fc76f2d2a8') in 0.002795 seconds 
  Import took 0.004682 seconds .

========================================================================
Received Import Request.
  Time since last request: 286.084735 seconds.
  path: ProjectSettings/TagManager.asset
  artifactKey: Guid(00000000000000003000000000000000) Importer(815301076,1909f56bfc062723c751e8b465ee728b)
Start importing ProjectSettings/TagManager.asset using Guid(00000000000000003000000000000000) Importer(815301076,1909f56bfc062723c751e8b465ee728b)  -> (artifact id: 'd3bcb0195c1e46d552ec94b3413db0bf') in 0.003189 seconds 
  Import took 0.005806 seconds .

========================================================================
Received Prepare
Registering precompiled user dll's ...
Registered in 0.003377 seconds.
Begin MonoManager ReloadAssembly
Symbol file data-000001B42627A010 doesn't match image G:\GitKraken\BorderBuddies2\BorderBuddies2\Library\ScriptAssemblies\Unity.Services.Core.Editor.dll
Symbol file LoadedFromMemory is not a mono symbol file
Symbol file data-000001B42529D040 doesn't match image G:\GitKraken\BorderBuddies2\BorderBuddies2\Library\ScriptAssemblies\Unity.VSCode.Editor.dll
Symbol file LoadedFromMemory is not a mono symbol file
Symbol file data-000001B429C123A0 doesn't match image G:\GitKraken\BorderBuddies2\BorderBuddies2\Library\ScriptAssemblies\Unity.TextMeshPro.Editor.dll
Symbol file LoadedFromMemory is not a mono symbol file
Symbol file data-000001B4255CF820 doesn't match image G:\GitKraken\BorderBuddies2\BorderBuddies2\Library\ScriptAssemblies\Unity.VisualStudio.Editor.dll
Symbol file LoadedFromMemory is not a mono symbol file
Symbol file data-000001B4267E3010 doesn't match image G:\GitKraken\BorderBuddies2\BorderBuddies2\Library\ScriptAssemblies\UnityEngine.TestRunner.dll
Symbol file LoadedFromMemory is not a mono symbol file
Symbol file data-000001B425836010 doesn't match image G:\GitKraken\BorderBuddies2\BorderBuddies2\Library\ScriptAssemblies\Unity.Timeline.Editor.dll
Symbol file LoadedFromMemory is not a mono symbol file
Symbol file data-000001B426C73C40 doesn't match image G:\GitKraken\BorderBuddies2\BorderBuddies2\Library\ScriptAssemblies\Unity.Timeline.dll
Symbol file LoadedFromMemory is not a mono symbol file
Symbol file data-000001B426118020 doesn't match image G:\GitKraken\BorderBuddies2\BorderBuddies2\Library\ScriptAssemblies\Unity.TextMeshPro.dll
Symbol file LoadedFromMemory is not a mono symbol file
Symbol file data-000001B4260F6010 doesn't match image G:\GitKraken\BorderBuddies2\BorderBuddies2\Library\ScriptAssemblies\Unity.CollabProxy.Editor.dll
Symbol file LoadedFromMemory is not a mono symbol file
Symbol file data-000001B4278C0020 doesn't match image G:\GitKraken\BorderBuddies2\BorderBuddies2\Library\ScriptAssemblies\UnityEditor.TestRunner.dll
Symbol file LoadedFromMemory is not a mono symbol file
Symbol file data-000001B4255CF820 doesn't match image G:\GitKraken\BorderBuddies2\BorderBuddies2\Library\ScriptAssemblies\UnityEditor.UI.dll
Symbol file LoadedFromMemory is not a mono symbol file
Symbol file data-000001B429C76020 doesn't match image G:\GitKraken\BorderBuddies2\BorderBuddies2\Library\ScriptAssemblies\Unity.PlasticSCM.Editor.dll
Symbol file LoadedFromMemory is not a mono symbol file
Symbol file data-000001B4298EFED0 doesn't match image G:\GitKraken\BorderBuddies2\BorderBuddies2\Library\ScriptAssemblies\Unity.Rider.Editor.dll
Symbol file LoadedFromMemory is not a mono symbol file
Symbol file data-000001B425855420 doesn't match image G:\GitKraken\BorderBuddies2\BorderBuddies2\Library\ScriptAssemblies\UnityEngine.UI.dll
Symbol file LoadedFromMemory is not a mono symbol file
Native extension for WindowsStandalone target not found
Refreshing native plugins compatible for Editor in 0.31 ms, found 2 plugins.
Preloading 0 native plugins for Editor in 0.00 ms.
Mono: successfully reloaded assembly
- Completed reload, in  0.638 seconds
Domain Reload Profiling:
	ReloadAssembly (638ms)
		BeginReloadAssembly (83ms)
			ExecutionOrderSort (0ms)
			DisableScriptedObjects (3ms)
			BackupInstance (0ms)
			ReleaseScriptingObjects (0ms)
			CreateAndSetChildDomain (23ms)
		EndReloadAssembly (517ms)
			LoadAssemblies (65ms)
			RebuildTransferFunctionScriptingTraits (0ms)
			SetupTypeCache (174ms)
			ReleaseScriptCaches (1ms)
			RebuildScriptCaches (27ms)
			SetupLoadedEditorAssemblies (199ms)
				LogAssemblyErrors (0ms)
				InitializePlatformSupportModulesInManaged (3ms)
				SetLoadedEditorAssemblies (0ms)
				RefreshPlugins (0ms)
				BeforeProcessingInitializeOnLoad (52ms)
				ProcessInitializeOnLoadAttributes (136ms)
				ProcessInitializeOnLoadMethodAttributes (6ms)
				AfterProcessingInitializeOnLoad (1ms)
				EditorAssembliesLoaded (0ms)
			ExecutionOrderSort2 (0ms)
			AwakeInstancesAfterBackupRestoration (4ms)
Platform modules already initialized, skipping
Refreshing native plugins compatible for Editor in 0.29 ms, found 2 plugins.
Preloading 0 native plugins for Editor in 0.00 ms.
Unloading 1668 Unused Serialized files (Serialized files now loaded: 0)
System memory in use before: 98.2 MB.
System memory in use after: 98.0 MB.

Unloading 18 unused Assets to reduce memory usage. Loaded Objects now: 2152.
Total: 1.887000 ms (FindLiveObjects: 0.090100 ms CreateObjectMapping: 0.030900 ms MarkObjects: 1.605700 ms  DeleteObjects: 0.159400 ms)

AssetImportParameters requested are different than current active one (requested -> active):
  custom:framework-win-MediaFoundation: 216162199b28c13a410421893ffa2e32 -> 
  custom:video-decoder-ogg-theora: a1e56fd34408186e4bbccfd4996cb3dc -> 
  custom:container-muxer-webm: aa71ff27fc2769a1b78a27578f13a17b -> 
  custom:container-demuxer-webm: 4f35f7cbe854078d1ac9338744f61a02 -> 
  custom:container-demuxer-ogg: 62fdf1f143b41e24485cea50d1cbac27 -> 
  custom:video-encoder-webm-vp8: eb34c28f22e8b96e1ab97ce403110664 -> 
  custom:video-decoder-webm-vp8: 9c59270c3fd7afecdb556c50c9e8de78 -> 
  custom:audio-decoder-ogg-vorbis: bf7c407c2cedff20999df2af8eb42d56 -> 
  custom:audio-encoder-webm-vorbis: bf7c407c2cedff20999df2af8eb42d56 -> 
========================================================================
Received Prepare
Registering precompiled user dll's ...
Registered in 0.002078 seconds.
Begin MonoManager ReloadAssembly
Symbol file data-000001B42805B020 doesn't match image G:\GitKraken\BorderBuddies2\BorderBuddies2\Library\ScriptAssemblies\Unity.Services.Core.Editor.dll
Symbol file LoadedFromMemory is not a mono symbol file
Symbol file data-000001B42595A230 doesn't match image G:\GitKraken\BorderBuddies2\BorderBuddies2\Library\ScriptAssemblies\Unity.VSCode.Editor.dll
Symbol file LoadedFromMemory is not a mono symbol file
Symbol file data-000001B42BAF2030 doesn't match image G:\GitKraken\BorderBuddies2\BorderBuddies2\Library\ScriptAssemblies\Unity.TextMeshPro.Editor.dll
Symbol file LoadedFromMemory is not a mono symbol file
Symbol file data-000001B4269CC010 doesn't match image G:\GitKraken\BorderBuddies2\BorderBuddies2\Library\ScriptAssemblies\Unity.VisualStudio.Editor.dll
Symbol file LoadedFromMemory is not a mono symbol file
Symbol file data-000001B425295030 doesn't match image G:\GitKraken\BorderBuddies2\BorderBuddies2\Library\ScriptAssemblies\UnityEngine.TestRunner.dll
Symbol file LoadedFromMemory is not a mono symbol file
Symbol file data-000001B429280080 doesn't match image G:\GitKraken\BorderBuddies2\BorderBuddies2\Library\ScriptAssemblies\Unity.Timeline.Editor.dll
Symbol file LoadedFromMemory is not a mono symbol file
Symbol file data-000001B42BAF2030 doesn't match image G:\GitKraken\BorderBuddies2\BorderBuddies2\Library\ScriptAssemblies\Unity.Timeline.dll
Symbol file LoadedFromMemory is not a mono symbol file
Symbol file data-000001B4257A2310 doesn't match image G:\GitKraken\BorderBuddies2\BorderBuddies2\Library\ScriptAssemblies\Unity.TextMeshPro.dll
Symbol file LoadedFromMemory is not a mono symbol file
Symbol file data-000001B424B0CB10 doesn't match image G:\GitKraken\BorderBuddies2\BorderBuddies2\Library\ScriptAssemblies\Unity.CollabProxy.Editor.dll
Symbol file LoadedFromMemory is not a mono symbol file
Symbol file data-000001B5FF54B020 doesn't match image G:\GitKraken\BorderBuddies2\BorderBuddies2\Library\ScriptAssemblies\UnityEditor.TestRunner.dll
Symbol file LoadedFromMemory is not a mono symbol file
Symbol file data-000001B427909030 doesn't match image G:\GitKraken\BorderBuddies2\BorderBuddies2\Library\ScriptAssemblies\UnityEditor.UI.dll
Symbol file LoadedFromMemory is not a mono symbol file
Symbol file data-000001B425220560 doesn't match image G:\GitKraken\BorderBuddies2\BorderBuddies2\Library\ScriptAssemblies\Unity.PlasticSCM.Editor.dll
Symbol file LoadedFromMemory is not a mono symbol file
Symbol file data-000001B4257CA920 doesn't match image G:\GitKraken\BorderBuddies2\BorderBuddies2\Library\ScriptAssemblies\Unity.Rider.Editor.dll
Symbol file LoadedFromMemory is not a mono symbol file
Symbol file data-000001B429C8AA30 doesn't match image G:\GitKraken\BorderBuddies2\BorderBuddies2\Library\ScriptAssemblies\UnityEngine.UI.dll
Symbol file LoadedFromMemory is not a mono symbol file
Native extension for WindowsStandalone target not found
Refreshing native plugins compatible for Editor in 0.29 ms, found 2 plugins.
Preloading 0 native plugins for Editor in 0.00 ms.
Mono: successfully reloaded assembly
- Completed reload, in  0.603 seconds
Domain Reload Profiling:
	ReloadAssembly (603ms)
		BeginReloadAssembly (86ms)
			ExecutionOrderSort (0ms)
			DisableScriptedObjects (5ms)
			BackupInstance (0ms)
			ReleaseScriptingObjects (0ms)
			CreateAndSetChildDomain (24ms)
		EndReloadAssembly (483ms)
			LoadAssemblies (68ms)
			RebuildTransferFunctionScriptingTraits (0ms)
			SetupTypeCache (168ms)
			ReleaseScriptCaches (1ms)
			RebuildScriptCaches (26ms)
			SetupLoadedEditorAssemblies (180ms)
				LogAssemblyErrors (0ms)
				InitializePlatformSupportModulesInManaged (3ms)
				SetLoadedEditorAssemblies (0ms)
				RefreshPlugins (0ms)
				BeforeProcessingInitializeOnLoad (41ms)
				ProcessInitializeOnLoadAttributes (128ms)
				ProcessInitializeOnLoadMethodAttributes (5ms)
				AfterProcessingInitializeOnLoad (1ms)
				EditorAssembliesLoaded (0ms)
			ExecutionOrderSort2 (0ms)
			AwakeInstancesAfterBackupRestoration (4ms)
Platform modules already initialized, skipping
Refreshing native plugins compatible for Editor in 0.28 ms, found 2 plugins.
Preloading 0 native plugins for Editor in 0.00 ms.
Unloading 1668 Unused Serialized files (Serialized files now loaded: 0)
System memory in use before: 98.2 MB.
System memory in use after: 98.1 MB.

Unloading 16 unused Assets to reduce memory usage. Loaded Objects now: 2154.
Total: 1.817100 ms (FindLiveObjects: 0.094100 ms CreateObjectMapping: 0.025500 ms MarkObjects: 1.507000 ms  DeleteObjects: 0.189500 ms)

AssetImportParameters requested are different than current active one (requested -> active):
  custom:framework-win-MediaFoundation: 216162199b28c13a410421893ffa2e32 -> 
  custom:video-decoder-ogg-theora: a1e56fd34408186e4bbccfd4996cb3dc -> 
  custom:container-muxer-webm: aa71ff27fc2769a1b78a27578f13a17b -> 
  custom:container-demuxer-webm: 4f35f7cbe854078d1ac9338744f61a02 -> 
  custom:container-demuxer-ogg: 62fdf1f143b41e24485cea50d1cbac27 -> 
  custom:video-encoder-webm-vp8: eb34c28f22e8b96e1ab97ce403110664 -> 
  custom:video-decoder-webm-vp8: 9c59270c3fd7afecdb556c50c9e8de78 -> 
  custom:audio-decoder-ogg-vorbis: bf7c407c2cedff20999df2af8eb42d56 -> 
  custom:audio-encoder-webm-vorbis: bf7c407c2cedff20999df2af8eb42d56 -> 
========================================================================
Received Import Request.
  Time since last request: 531.654822 seconds.
  path: Assets/3DModeller/S_Bars_01 (1).fbx
  artifactKey: Guid(90df5f6d490b92f4db4378e6b6f4b6f4) Importer(815301076,1909f56bfc062723c751e8b465ee728b)
Start importing Assets/3DModeller/S_Bars_01 (1).fbx using Guid(90df5f6d490b92f4db4378e6b6f4b6f4) Importer(815301076,1909f56bfc062723c751e8b465ee728b)  -> (artifact id: '7f90668e2e1ff358c2ff85629953955d') in 0.082925 seconds 
  Import took 0.084716 seconds .

========================================================================
Received Import Request.
  Time since last request: 96.922862 seconds.
  path: Assets/Polyart/PolyartStudio/DreamscapeMountains/Meshes/Ruins/SM_WallSupport_Unity.fbx
  artifactKey: Guid(17c1756b2155d2445bc643e8faca83a9) Importer(815301076,1909f56bfc062723c751e8b465ee728b)
Start importing Assets/Polyart/PolyartStudio/DreamscapeMountains/Meshes/Ruins/SM_WallSupport_Unity.fbx using Guid(17c1756b2155d2445bc643e8faca83a9) Importer(815301076,1909f56bfc062723c751e8b465ee728b)  -> (artifact id: 'e31fe1a7ddbf86cd8d3bccb0ea624cc8') in 1.366656 seconds 
  Import took 1.369786 seconds .

========================================================================
Received Import Request.
  Time since last request: 0.000246 seconds.
  path: Assets/Polyart/PolyartStudio/DreamscapeMountains/Meshes/Terrain/SM_Terrain_02.fbx
  artifactKey: Guid(7a2af9c17435da147b2c1aa900e95862) Importer(815301076,1909f56bfc062723c751e8b465ee728b)
Start importing Assets/Polyart/PolyartStudio/DreamscapeMountains/Meshes/Terrain/SM_Terrain_02.fbx using Guid(7a2af9c17435da147b2c1aa900e95862) Importer(815301076,1909f56bfc062723c751e8b465ee728b)  -> (artifact id: '7fd6d8c08a2c7f50bad1733418aba7f6') in 0.063398 seconds 
  Import took 0.065261 seconds .

========================================================================
Received Prepare
Registering precompiled user dll's ...
Registered in 0.002529 seconds.
Begin MonoManager ReloadAssembly
Symbol file data-000001B425722060 doesn't match image G:\GitKraken\BorderBuddies2\BorderBuddies2\Library\ScriptAssemblies\Unity.Services.Core.Editor.dll
Symbol file LoadedFromMemory is not a mono symbol file
Symbol file data-000001B5FF4E7B20 doesn't match image G:\GitKraken\BorderBuddies2\BorderBuddies2\Library\ScriptAssemblies\Unity.VSCode.Editor.dll
Symbol file LoadedFromMemory is not a mono symbol file
Symbol file data-000001B42CF062B0 doesn't match image G:\GitKraken\BorderBuddies2\BorderBuddies2\Library\ScriptAssemblies\Unity.TextMeshPro.Editor.dll
Symbol file LoadedFromMemory is not a mono symbol file
Symbol file data-000001B426BBCAA0 doesn't match image G:\GitKraken\BorderBuddies2\BorderBuddies2\Library\ScriptAssemblies\Unity.VisualStudio.Editor.dll
Symbol file LoadedFromMemory is not a mono symbol file
Symbol file data-000001B4251602A0 doesn't match image G:\GitKraken\BorderBuddies2\BorderBuddies2\Library\ScriptAssemblies\UnityEngine.TestRunner.dll
Symbol file LoadedFromMemory is not a mono symbol file
Symbol file data-000001B42AC33030 doesn't match image G:\GitKraken\BorderBuddies2\BorderBuddies2\Library\ScriptAssemblies\Unity.Timeline.Editor.dll
Symbol file LoadedFromMemory is not a mono symbol file
Symbol file data-000001B42A241C20 doesn't match image G:\GitKraken\BorderBuddies2\BorderBuddies2\Library\ScriptAssemblies\Unity.Timeline.dll
Symbol file LoadedFromMemory is not a mono symbol file
Symbol file data-000001B4256E6010 doesn't match image G:\GitKraken\BorderBuddies2\BorderBuddies2\Library\ScriptAssemblies\Unity.TextMeshPro.dll
Symbol file LoadedFromMemory is not a mono symbol file
Symbol file data-000001B4251602A0 doesn't match image G:\GitKraken\BorderBuddies2\BorderBuddies2\Library\ScriptAssemblies\Unity.CollabProxy.Editor.dll
Symbol file LoadedFromMemory is not a mono symbol file
Symbol file data-000001B425572030 doesn't match image G:\GitKraken\BorderBuddies2\BorderBuddies2\Library\ScriptAssemblies\UnityEditor.TestRunner.dll
Symbol file LoadedFromMemory is not a mono symbol file
Symbol file data-000001B426BBCAA0 doesn't match image G:\GitKraken\BorderBuddies2\BorderBuddies2\Library\ScriptAssemblies\UnityEditor.UI.dll
Symbol file LoadedFromMemory is not a mono symbol file
Symbol file data-000001B4278DA020 doesn't match image G:\GitKraken\BorderBuddies2\BorderBuddies2\Library\ScriptAssemblies\Unity.PlasticSCM.Editor.dll
Symbol file LoadedFromMemory is not a mono symbol file
Symbol file data-000001B42B782CA0 doesn't match image G:\GitKraken\BorderBuddies2\BorderBuddies2\Library\ScriptAssemblies\Unity.Rider.Editor.dll
Symbol file LoadedFromMemory is not a mono symbol file
Symbol file data-000001B42AE52410 doesn't match image G:\GitKraken\BorderBuddies2\BorderBuddies2\Library\ScriptAssemblies\UnityEngine.UI.dll
Symbol file LoadedFromMemory is not a mono symbol file
Native extension for WindowsStandalone target not found
Refreshing native plugins compatible for Editor in 0.37 ms, found 2 plugins.
Preloading 0 native plugins for Editor in 0.00 ms.
Mono: successfully reloaded assembly
- Completed reload, in  0.629 seconds
Domain Reload Profiling:
	ReloadAssembly (629ms)
		BeginReloadAssembly (81ms)
			ExecutionOrderSort (0ms)
			DisableScriptedObjects (3ms)
			BackupInstance (0ms)
			ReleaseScriptingObjects (0ms)
			CreateAndSetChildDomain (22ms)
		EndReloadAssembly (513ms)
			LoadAssemblies (66ms)
			RebuildTransferFunctionScriptingTraits (0ms)
			SetupTypeCache (173ms)
			ReleaseScriptCaches (1ms)
			RebuildScriptCaches (26ms)
			SetupLoadedEditorAssemblies (196ms)
				LogAssemblyErrors (0ms)
				InitializePlatformSupportModulesInManaged (3ms)
				SetLoadedEditorAssemblies (0ms)
				RefreshPlugins (0ms)
				BeforeProcessingInitializeOnLoad (48ms)
				ProcessInitializeOnLoadAttributes (137ms)
				ProcessInitializeOnLoadMethodAttributes (5ms)
				AfterProcessingInitializeOnLoad (1ms)
				EditorAssembliesLoaded (0ms)
			ExecutionOrderSort2 (0ms)
			AwakeInstancesAfterBackupRestoration (4ms)
Platform modules already initialized, skipping
Refreshing native plugins compatible for Editor in 0.28 ms, found 2 plugins.
Preloading 0 native plugins for Editor in 0.00 ms.
Unloading 1668 Unused Serialized files (Serialized files now loaded: 0)
System memory in use before: 98.5 MB.
System memory in use after: 98.3 MB.

Unloading 17 unused Assets to reduce memory usage. Loaded Objects now: 2160.
Total: 1.927200 ms (FindLiveObjects: 0.117100 ms CreateObjectMapping: 0.035400 ms MarkObjects: 1.586900 ms  DeleteObjects: 0.186800 ms)

AssetImportParameters requested are different than current active one (requested -> active):
  custom:framework-win-MediaFoundation: 216162199b28c13a410421893ffa2e32 -> 
  custom:video-decoder-ogg-theora: a1e56fd34408186e4bbccfd4996cb3dc -> 
  custom:container-muxer-webm: aa71ff27fc2769a1b78a27578f13a17b -> 
  custom:container-demuxer-webm: 4f35f7cbe854078d1ac9338744f61a02 -> 
  custom:container-demuxer-ogg: 62fdf1f143b41e24485cea50d1cbac27 -> 
  custom:video-encoder-webm-vp8: eb34c28f22e8b96e1ab97ce403110664 -> 
  custom:video-decoder-webm-vp8: 9c59270c3fd7afecdb556c50c9e8de78 -> 
  custom:audio-decoder-ogg-vorbis: bf7c407c2cedff20999df2af8eb42d56 -> 
  custom:audio-encoder-webm-vorbis: bf7c407c2cedff20999df2af8eb42d56 -> 
========================================================================
Received Import Request.
  Time since last request: 182.999622 seconds.
  path: Assets/3DModeller/SnusBoks Variant.prefab
  artifactKey: Guid(470d431c7f893f64caa4e992c151f81f) Importer(815301076,1909f56bfc062723c751e8b465ee728b)
Start importing Assets/3DModeller/SnusBoks Variant.prefab using Guid(470d431c7f893f64caa4e992c151f81f) Importer(815301076,1909f56bfc062723c751e8b465ee728b)  -> (artifact id: 'ef88fac6ac5f8f7dcdde292e82524f77') in 0.039359 seconds 
  Import took 0.041261 seconds .

========================================================================
Received Import Request.
  Time since last request: 10.269050 seconds.
  path: Assets/3DModeller/SnusBoks Variant.prefab
  artifactKey: Guid(470d431c7f893f64caa4e992c151f81f) Importer(815301076,1909f56bfc062723c751e8b465ee728b)
Start importing Assets/3DModeller/SnusBoks Variant.prefab using Guid(470d431c7f893f64caa4e992c151f81f) Importer(815301076,1909f56bfc062723c751e8b465ee728b)  -> (artifact id: '6da25deee12d926b6c5d22ceef6c6ff1') in 0.008141 seconds 
  Import took 0.011120 seconds .

========================================================================
Received Import Request.
  Time since last request: 23.173143 seconds.
  path: Assets/3DModeller/SnusBoks Variant.prefab
  artifactKey: Guid(470d431c7f893f64caa4e992c151f81f) Importer(815301076,1909f56bfc062723c751e8b465ee728b)
Start importing Assets/3DModeller/SnusBoks Variant.prefab using Guid(470d431c7f893f64caa4e992c151f81f) Importer(815301076,1909f56bfc062723c751e8b465ee728b)  -> (artifact id: 'ed5d174dd0756fd0495ba4f688792a16') in 0.020247 seconds 
  Import took 0.022513 seconds .

========================================================================
Received Import Request.
  Time since last request: 0.388715 seconds.
  path: Assets/3DModeller/SnusBoks Variant.prefab
  artifactKey: Guid(470d431c7f893f64caa4e992c151f81f) Importer(815301076,1909f56bfc062723c751e8b465ee728b)
Start importing Assets/3DModeller/SnusBoks Variant.prefab using Guid(470d431c7f893f64caa4e992c151f81f) Importer(815301076,1909f56bfc062723c751e8b465ee728b)  -> (artifact id: '2fc4f92e04a591b45c7c89912b94c6ef') in 0.006520 seconds 
  Import took 0.008585 seconds .

========================================================================
Received Import Request.
  Time since last request: 7.665875 seconds.
  path: Assets/3DModeller/SnusBoks Variant.prefab
  artifactKey: Guid(470d431c7f893f64caa4e992c151f81f) Importer(815301076,1909f56bfc062723c751e8b465ee728b)
Start importing Assets/3DModeller/SnusBoks Variant.prefab using Guid(470d431c7f893f64caa4e992c151f81f) Importer(815301076,1909f56bfc062723c751e8b465ee728b)  -> (artifact id: '0869e0ad0e413f43e545cd4da9f9df80') in 0.040537 seconds 
  Import took 0.043005 seconds .

========================================================================
Received Import Request.
  Time since last request: 8.448984 seconds.
  path: Assets/3DModeller/SnusBoks Variant.prefab
  artifactKey: Guid(470d431c7f893f64caa4e992c151f81f) Importer(815301076,1909f56bfc062723c751e8b465ee728b)
Start importing Assets/3DModeller/SnusBoks Variant.prefab using Guid(470d431c7f893f64caa4e992c151f81f) Importer(815301076,1909f56bfc062723c751e8b465ee728b)  -> (artifact id: 'ee603b0772d591386155c5978a56e092') in 0.006993 seconds 
  Import took 0.009123 seconds .

========================================================================
Received Prepare
Registering precompiled user dll's ...
Registered in 0.002155 seconds.
Begin MonoManager ReloadAssembly
Symbol file data-000001B42E9B7030 doesn't match image G:\GitKraken\BorderBuddies2\BorderBuddies2\Library\ScriptAssemblies\Unity.Services.Core.Editor.dll
Symbol file LoadedFromMemory is not a mono symbol file
Symbol file data-000001B42E6D1BA0 doesn't match image G:\GitKraken\BorderBuddies2\BorderBuddies2\Library\ScriptAssemblies\Unity.VSCode.Editor.dll
Symbol file LoadedFromMemory is not a mono symbol file
Symbol file data-000001B426B9D020 doesn't match image G:\GitKraken\BorderBuddies2\BorderBuddies2\Library\ScriptAssemblies\Unity.TextMeshPro.Editor.dll
Symbol file LoadedFromMemory is not a mono symbol file
Symbol file data-000001B42A9A0740 doesn't match image G:\GitKraken\BorderBuddies2\BorderBuddies2\Library\ScriptAssemblies\Unity.VisualStudio.Editor.dll
Symbol file LoadedFromMemory is not a mono symbol file
Symbol file data-000001B42B712210 doesn't match image G:\GitKraken\BorderBuddies2\BorderBuddies2\Library\ScriptAssemblies\UnityEngine.TestRunner.dll
Symbol file LoadedFromMemory is not a mono symbol file
Symbol file data-000001B42E7A8C20 doesn't match image G:\GitKraken\BorderBuddies2\BorderBuddies2\Library\ScriptAssemblies\Unity.Timeline.Editor.dll
Symbol file LoadedFromMemory is not a mono symbol file
Symbol file data-000001B42759BC40 doesn't match image G:\GitKraken\BorderBuddies2\BorderBuddies2\Library\ScriptAssemblies\Unity.Timeline.dll
Symbol file LoadedFromMemory is not a mono symbol file
Symbol file data-000001B426EC0010 doesn't match image G:\GitKraken\BorderBuddies2\BorderBuddies2\Library\ScriptAssemblies\Unity.TextMeshPro.dll
Symbol file LoadedFromMemory is not a mono symbol file
Symbol file data-000001B424BA0660 doesn't match image G:\GitKraken\BorderBuddies2\BorderBuddies2\Library\ScriptAssemblies\Unity.CollabProxy.Editor.dll
Symbol file LoadedFromMemory is not a mono symbol file
Symbol file data-000001B5FF53AD50 doesn't match image G:\GitKraken\BorderBuddies2\BorderBuddies2\Library\ScriptAssemblies\UnityEditor.TestRunner.dll
Symbol file LoadedFromMemory is not a mono symbol file
Symbol file data-000001B42A9A0740 doesn't match image G:\GitKraken\BorderBuddies2\BorderBuddies2\Library\ScriptAssemblies\UnityEditor.UI.dll
Symbol file LoadedFromMemory is not a mono symbol file
Symbol file data-000001B425596010 doesn't match image G:\GitKraken\BorderBuddies2\BorderBuddies2\Library\ScriptAssemblies\Unity.PlasticSCM.Editor.dll
Symbol file LoadedFromMemory is not a mono symbol file
Symbol file data-000001B42E9B7030 doesn't match image G:\GitKraken\BorderBuddies2\BorderBuddies2\Library\ScriptAssemblies\Unity.Rider.Editor.dll
Symbol file LoadedFromMemory is not a mono symbol file
Symbol file data-000001B42AD37860 doesn't match image G:\GitKraken\BorderBuddies2\BorderBuddies2\Library\ScriptAssemblies\UnityEngine.UI.dll
Symbol file LoadedFromMemory is not a mono symbol file
Native extension for WindowsStandalone target not found
Refreshing native plugins compatible for Editor in 0.28 ms, found 2 plugins.
Preloading 0 native plugins for Editor in 0.00 ms.
Mono: successfully reloaded assembly
- Completed reload, in  0.669 seconds
Domain Reload Profiling:
	ReloadAssembly (670ms)
		BeginReloadAssembly (80ms)
			ExecutionOrderSort (0ms)
			DisableScriptedObjects (3ms)
			BackupInstance (0ms)
			ReleaseScriptingObjects (0ms)
			CreateAndSetChildDomain (20ms)
		EndReloadAssembly (556ms)
			LoadAssemblies (67ms)
			RebuildTransferFunctionScriptingTraits (0ms)
			SetupTypeCache (215ms)
			ReleaseScriptCaches (1ms)
			RebuildScriptCaches (26ms)
			SetupLoadedEditorAssemblies (199ms)
				LogAssemblyErrors (0ms)
				InitializePlatformSupportModulesInManaged (4ms)
				SetLoadedEditorAssemblies (0ms)
				RefreshPlugins (0ms)
				BeforeProcessingInitializeOnLoad (47ms)
				ProcessInitializeOnLoadAttributes (140ms)
				ProcessInitializeOnLoadMethodAttributes (6ms)
				AfterProcessingInitializeOnLoad (1ms)
				EditorAssembliesLoaded (0ms)
			ExecutionOrderSort2 (0ms)
			AwakeInstancesAfterBackupRestoration (4ms)
Platform modules already initialized, skipping
Refreshing native plugins compatible for Editor in 0.38 ms, found 2 plugins.
Preloading 0 native plugins for Editor in 0.00 ms.
Unloading 1668 Unused Serialized files (Serialized files now loaded: 0)
System memory in use before: 98.5 MB.
System memory in use after: 98.3 MB.

Unloading 16 unused Assets to reduce memory usage. Loaded Objects now: 2163.
Total: 2.396900 ms (FindLiveObjects: 0.155600 ms CreateObjectMapping: 0.047000 ms MarkObjects: 1.996300 ms  DeleteObjects: 0.195500 ms)

AssetImportParameters requested are different than current active one (requested -> active):
  custom:framework-win-MediaFoundation: 216162199b28c13a410421893ffa2e32 -> 
  custom:video-decoder-ogg-theora: a1e56fd34408186e4bbccfd4996cb3dc -> 
  custom:container-muxer-webm: aa71ff27fc2769a1b78a27578f13a17b -> 
  custom:container-demuxer-webm: 4f35f7cbe854078d1ac9338744f61a02 -> 
  custom:container-demuxer-ogg: 62fdf1f143b41e24485cea50d1cbac27 -> 
  custom:video-encoder-webm-vp8: eb34c28f22e8b96e1ab97ce403110664 -> 
  custom:video-decoder-webm-vp8: 9c59270c3fd7afecdb556c50c9e8de78 -> 
  custom:audio-decoder-ogg-vorbis: bf7c407c2cedff20999df2af8eb42d56 -> 
  custom:audio-encoder-webm-vorbis: bf7c407c2cedff20999df2af8eb42d56 -> 
========================================================================
Received Import Request.
  Time since last request: 47.400277 seconds.
  path: Assets/3DModeller/SnusBoks Variant.prefab
  artifactKey: Guid(470d431c7f893f64caa4e992c151f81f) Importer(815301076,1909f56bfc062723c751e8b465ee728b)
Start importing Assets/3DModeller/SnusBoks Variant.prefab using Guid(470d431c7f893f64caa4e992c151f81f) Importer(815301076,1909f56bfc062723c751e8b465ee728b)  -> (artifact id: 'a902123d0b2927bd9592d240506a16b7') in 0.052657 seconds 
  Import took 0.055306 seconds .

========================================================================
Received Prepare
Registering precompiled user dll's ...
Registered in 0.002075 seconds.
Begin MonoManager ReloadAssembly
Symbol file data-000001B425722060 doesn't match image G:\GitKraken\BorderBuddies2\BorderBuddies2\Library\ScriptAssemblies\Unity.Services.Core.Editor.dll
Symbol file LoadedFromMemory is not a mono symbol file
Symbol file data-000001B42AE76250 doesn't match image G:\GitKraken\BorderBuddies2\BorderBuddies2\Library\ScriptAssemblies\Unity.VSCode.Editor.dll
Symbol file LoadedFromMemory is not a mono symbol file
Symbol file data-000001B42B632150 doesn't match image G:\GitKraken\BorderBuddies2\BorderBuddies2\Library\ScriptAssemblies\Unity.TextMeshPro.Editor.dll
Symbol file LoadedFromMemory is not a mono symbol file
Symbol file data-000001B42BE93040 doesn't match image G:\GitKraken\BorderBuddies2\BorderBuddies2\Library\ScriptAssemblies\Unity.VisualStudio.Editor.dll
Symbol file LoadedFromMemory is not a mono symbol file
Symbol file data-000001B42B41EC40 doesn't match image G:\GitKraken\BorderBuddies2\BorderBuddies2\Library\ScriptAssemblies\UnityEngine.TestRunner.dll
Symbol file LoadedFromMemory is not a mono symbol file
Symbol file data-000001B429C76020 doesn't match image G:\GitKraken\BorderBuddies2\BorderBuddies2\Library\ScriptAssemblies\Unity.Timeline.Editor.dll
Symbol file LoadedFromMemory is not a mono symbol file
Symbol file data-000001B425250580 doesn't match image G:\GitKraken\BorderBuddies2\BorderBuddies2\Library\ScriptAssemblies\Unity.Timeline.dll
Symbol file LoadedFromMemory is not a mono symbol file
Symbol file data-000001B426EC0010 doesn't match image G:\GitKraken\BorderBuddies2\BorderBuddies2\Library\ScriptAssemblies\Unity.TextMeshPro.dll
Symbol file LoadedFromMemory is not a mono symbol file
Symbol file data-000001B42B41EC40 doesn't match image G:\GitKraken\BorderBuddies2\BorderBuddies2\Library\ScriptAssemblies\Unity.CollabProxy.Editor.dll
Symbol file LoadedFromMemory is not a mono symbol file
Symbol file data-000001B5FF54BFA0 doesn't match image G:\GitKraken\BorderBuddies2\BorderBuddies2\Library\ScriptAssemblies\UnityEditor.TestRunner.dll
Symbol file LoadedFromMemory is not a mono symbol file
Symbol file data-000001B42D5AA1D0 doesn't match image G:\GitKraken\BorderBuddies2\BorderBuddies2\Library\ScriptAssemblies\UnityEditor.UI.dll
Symbol file LoadedFromMemory is not a mono symbol file
Symbol file data-000001B42819F040 doesn't match image G:\GitKraken\BorderBuddies2\BorderBuddies2\Library\ScriptAssemblies\Unity.PlasticSCM.Editor.dll
Symbol file LoadedFromMemory is not a mono symbol file
Symbol file data-000001B4273DF040 doesn't match image G:\GitKraken\BorderBuddies2\BorderBuddies2\Library\ScriptAssemblies\Unity.Rider.Editor.dll
Symbol file LoadedFromMemory is not a mono symbol file
Symbol file data-000001B42AE52410 doesn't match image G:\GitKraken\BorderBuddies2\BorderBuddies2\Library\ScriptAssemblies\UnityEngine.UI.dll
Symbol file LoadedFromMemory is not a mono symbol file
Native extension for WindowsStandalone target not found
Refreshing native plugins compatible for Editor in 0.43 ms, found 2 plugins.
Preloading 0 native plugins for Editor in 0.00 ms.
Mono: successfully reloaded assembly
- Completed reload, in  0.649 seconds
Domain Reload Profiling:
	ReloadAssembly (650ms)
		BeginReloadAssembly (86ms)
			ExecutionOrderSort (0ms)
			DisableScriptedObjects (2ms)
			BackupInstance (0ms)
			ReleaseScriptingObjects (0ms)
			CreateAndSetChildDomain (27ms)
		EndReloadAssembly (514ms)
			LoadAssemblies (76ms)
			RebuildTransferFunctionScriptingTraits (0ms)
			SetupTypeCache (171ms)
			ReleaseScriptCaches (1ms)
			RebuildScriptCaches (24ms)
			SetupLoadedEditorAssemblies (195ms)
				LogAssemblyErrors (0ms)
				InitializePlatformSupportModulesInManaged (4ms)
				SetLoadedEditorAssemblies (1ms)
				RefreshPlugins (0ms)
				BeforeProcessingInitializeOnLoad (47ms)
				ProcessInitializeOnLoadAttributes (137ms)
				ProcessInitializeOnLoadMethodAttributes (5ms)
				AfterProcessingInitializeOnLoad (1ms)
				EditorAssembliesLoaded (0ms)
			ExecutionOrderSort2 (0ms)
			AwakeInstancesAfterBackupRestoration (4ms)
Platform modules already initialized, skipping
Refreshing native plugins compatible for Editor in 0.28 ms, found 2 plugins.
Preloading 0 native plugins for Editor in 0.00 ms.
Unloading 1668 Unused Serialized files (Serialized files now loaded: 0)
System memory in use before: 98.5 MB.
System memory in use after: 98.3 MB.

Unloading 16 unused Assets to reduce memory usage. Loaded Objects now: 2166.
Total: 1.935700 ms (FindLiveObjects: 0.094000 ms CreateObjectMapping: 0.037800 ms MarkObjects: 1.624900 ms  DeleteObjects: 0.178200 ms)

AssetImportParameters requested are different than current active one (requested -> active):
  custom:framework-win-MediaFoundation: 216162199b28c13a410421893ffa2e32 -> 
  custom:video-decoder-ogg-theora: a1e56fd34408186e4bbccfd4996cb3dc -> 
  custom:container-muxer-webm: aa71ff27fc2769a1b78a27578f13a17b -> 
  custom:container-demuxer-webm: 4f35f7cbe854078d1ac9338744f61a02 -> 
  custom:container-demuxer-ogg: 62fdf1f143b41e24485cea50d1cbac27 -> 
  custom:video-encoder-webm-vp8: eb34c28f22e8b96e1ab97ce403110664 -> 
  custom:video-decoder-webm-vp8: 9c59270c3fd7afecdb556c50c9e8de78 -> 
  custom:audio-decoder-ogg-vorbis: bf7c407c2cedff20999df2af8eb42d56 -> 
  custom:audio-encoder-webm-vorbis: bf7c407c2cedff20999df2af8eb42d56 -> 
AssetImportWorkerClient::OnTransportError - code=2 error=End of file
